0.000000	0.000000
0.001263	2.737097
11.034509	9.491056
81.193357	46.643009
188.437228	102.772036
291.684102	155.897942
296.693825	158.174994
301.696845	159.154945
301.703781	156.219110
301.703862	160.138048
306.706104	161.895960
306.711892	160.108110
306.712711	163.289143
310.715554	164.446001
310.720518	163.482126
310.723255	164.745081
314.724698	163.301933
314.725632	166.368048
314.729782	166.218134
318.733381	166.618967
318.734217	169.783072
318.739080	168.920048
322.742842	169.158041
322.748493	171.507044
327.751411	172.589039
327.756684	171.315935
327.758757	173.243124
332.759684	176.316153
332.767575	176.424974
336.771172	176.827953
336.775809	176.190950
336.780577	175.423056
341.777988	178.012043
341.778846	181.153975
341.785809	178.190960
341.790492	177.507942
344.789208	178.792065
344.790300	181.700108
344.795069	180.931021
344.797961	182.039003
349.797684	182.316046
349.799336	184.664043
349.806217	181.783045
349.808570	183.430092
352.808067	183.933155
352.808801	187.199064
352.812803	187.196970
355.816942	187.058023
355.824523	187.477028
355.828128	187.872139
360.828354	187.646118
360.829461	190.539141
360.835662	188.338112
360.839049	188.951138
364.839438	192.562038
364.847089	188.910948
364.847349	192.651072
364.850897	193.103165
367.850703	193.296999
367.857503	194.497063
372.858905	197.095161
372.870167	193.832983
372.873186	194.814127
375.873222	198.778126
375.878411	197.588945
379.880662	199.338036
379.884942	199.057945
379.887739	200.261057
383.889592	202.408068
383.895158	200.841948
383.895925	204.074955
386.898800	205.200104
386.903572	204.428156
391.907444	204.556000
391.912932	203.068081
391.912977	207.023020
396.915370	208.630013
396.920953	207.046965
396.923380	208.620102
400.924523	211.477123
400.928989	211.011066
400.931595	212.405151
405.932609	211.391157
405.933996	214.004038
405.938157	213.843157
405.941704	214.295965
409.941730	214.269978
409.943893	216.107044
409.949915	214.085068
409.952695	215.305107
413.953137	218.863079
413.959515	216.485144
413.961474	218.526058
416.962698	221.302017
416.968461	219.538963
416.971554	220.445959
419.973658	218.342154
419.974665	221.335073
419.981008	218.991947
419.983527	220.473055
424.982528	225.472029
424.990356	221.644032
424.993658	222.341934
429.993296	226.704092
430.002593	225.406960
430.004809	227.191097
435.006235	229.765116
435.010252	229.748001
439.014302	229.697985
439.023275	228.725101
439.024120	231.880146
442.027471	232.528934
442.031671	232.328953
445.035938	232.061975
445.037854	234.146044
445.042567	233.432985
445.045332	234.668045
449.045053	234.946995
449.046249	237.751087
449.052026	235.973967
449.056076	235.923950
453.055225	236.775105
453.056897	239.103075
453.062825	237.175035
453.064683	239.317039
457.066407	237.593035
457.067719	240.281017
457.072718	239.282095
457.075091	240.909115
460.077271	238.729015
460.078924	241.076059
460.083771	240.229010
460.086308	241.691998
465.086641	245.359165
465.092029	243.971144
465.093840	246.160116
468.097927	246.073145
468.104848	243.152092
468.104935	247.065069
471.108315	247.685009
471.113667	246.332989
471.114435	249.565042
474.117944	250.055998
474.122230	249.769947
478.126236	249.764038
478.134658	249.342140
478.137472	250.528086
482.138319	253.680984
482.144389	251.611086
482.147037	252.962971
485.148690	255.310015
485.154379	253.621109
485.156984	255.016148
490.156969	255.031168
490.158162	257.838121
490.162596	257.404013
494.166030	257.970070
494.166942	261.058119
494.173172	258.828003
494.176967	259.033094
497.176541	259.459148
497.179038	260.961952
497.183843	260.157103
497.185749	262.250946
501.187730	264.270164
501.193729	262.271076
501.196320	263.679943
505.196666	267.333998
505.201469	266.531055
509.204814	267.186043
509.212435	263.564993
509.212538	267.461996
512.215257	268.743071
512.222606	269.394056
515.225821	270.178982
515.232357	271.642975
520.235398	272.601946
520.243358	272.642103
520.246899	273.101110
525.246230	273.770113
525.247441	276.558947
525.253547	274.453047
525.256810	275.190050
529.256675	275.324995
529.257329	278.671013
529.261626	278.373995
529.266883	277.117104
534.264109	279.891104
534.270018	277.982138
534.270726	281.274035
534.275339	280.661112
537.274298	281.702047
537.280050	279.949961
537.283041	280.959000
541.283338	284.662169
541.288989	283.010933
541.291601	284.399057
546.290965	285.035158
546.291637	288.363056
546.296285	287.715086
546.298762	289.238155
550.300791	287.208975
550.301649	290.351145
550.306147	289.853140
555.308680	291.319942
555.318307	289.693077
555.320379	291.620981
558.320305	291.695129
558.321649	294.351164
558.327160	292.840118
558.328490	295.509981
561.329658	294.341969
561.333706	294.294098
561.336136	295.864136
564.338751	297.249161
564.345644	294.356003
564.347937	296.063131
567.347996	296.004004
567.349313	298.686979
567.354031	297.969152
567.356341	299.659115
572.357489	298.511129
572.358336	301.664028
572.363122	300.878014
575.367152	300.848024
575.368500	303.500006
575.373918	302.081944
580.376147	303.852968
580.381749	302.251085
580.381982	306.018150
585.384761	307.239143
585.388802	307.197948
585.391748	308.252048
588.393348	306.652021
588.394768	309.232000
588.400226	307.774122
588.401883	310.117113
591.404039	311.961094
591.410705	309.295149
591.413546	310.454153
594.414354	313.646152
594.420581	311.419136
594.423751	312.249123
598.424908	315.092077
598.430951	313.049120
598.434188	313.812111
602.434885	317.114975
602.440872	315.128046
602.443326	316.674004
607.443795	316.205034
607.445137	318.862976
607.449870	318.130129
607.453314	318.685934
612.452576	319.424078
612.453371	322.628952
612.458243	321.757107
612.462142	321.858009
616.461401	322.599014
616.467414	320.586098
616.467491	324.509089
621.470070	325.930115
621.475579	324.420977
621.478304	325.696091
624.480110	327.890070
624.486011	325.988972
624.488502	327.497974
627.489369	330.631084
627.495069	328.930973
627.498860	329.140118
631.498948	329.052141
631.499727	332.272989
631.505338	330.662046
631.509583	330.417004
636.508933	335.066933
636.514371	333.629082
636.516628	335.371973
639.518472	333.528044
639.519624	336.376005
639.526106	333.894119
639.528518	335.482038
644.529110	338.890045
644.534706	337.294123
644.536374	339.626146
647.539083	336.916996
647.540041	339.959030
647.545680	338.319954
647.547966	340.033997
652.547165	340.835083
652.547907	344.093124
652.553670	342.330070
652.557999	342.001104
655.558291	341.709042
655.559291	344.709114
655.564818	343.182095
655.567894	344.106018
659.569183	346.817127
659.577990	346.009945
664.580041	347.959068
664.585374	346.626122
664.586023	349.977146
664.590724	349.276009
668.589666	350.334110
668.595637	348.363155
668.598551	349.448965
671.599685	352.315046
671.606403	349.597126
671.607261	352.739058
675.609497	354.503168
675.617334	354.666111
675.621479	354.520966
680.620640	355.359961
680.621646	358.354073
680.626750	357.250008
685.629494	358.506048
685.635357	360.643097
685.639320	360.680103
688.639420	360.579967
688.645541	358.459047
688.645627	362.372978
693.648393	363.607084
693.652144	363.856045
696.655641	364.359159
696.656679	367.321085
696.662803	365.197065
700.664974	367.026026
700.670747	369.252958
705.674542	369.458050
705.678413	369.587086
705.680398	371.602013
708.683210	372.790104
708.690096	369.904099
708.692692	371.307959
712.692244	371.755947
712.694320	373.680037
712.698489	373.511049
712.701936	374.063993
715.702909	373.091007
715.703864	376.136141
715.709407	374.593147
715.712077	375.923098
720.712396	375.604094
720.713796	378.204100
720.717526	378.474041
724.720440	379.560089
724.725231	378.769068
724.726997	381.003101
727.729244	382.756006
727.735030	380.970064
732.737334	382.665987
732.743382	384.618023
736.746354	385.646135
736.752099	383.900963
736.753261	386.739149
740.755801	388.199038
740.760267	387.732981
740.762575	389.425089
743.764744	387.255957
743.765829	390.171152
743.771349	388.651047
743.773867	390.133108
746.774737	389.263119
746.775403	392.596977
746.782162	389.838049
746.784013	391.986967
750.784684	391.316057
750.785410	394.590073
750.792317	391.683086
750.793005	394.995010
753.796551	395.449011
753.800156	395.844122
757.804863	395.137024
757.805274	398.725990
757.817232	394.768106
757.821269	394.730965
762.819710	400.289984
762.823977	400.023006
767.827153	400.847033
767.828349	403.651125
767.834451	401.549040
767.837576	402.424088
772.837390	402.610054
772.838981	405.019087
772.844239	403.761003
772.848716	403.283979
775.847738	404.261972
775.848847	407.153088
775.853983	406.017075
775.856276	407.723965
779.857376	406.624140
779.857648	410.352104
779.863301	408.698961
779.865697	410.303093
784.866067	409.933067
784.867618	412.382154
784.875483	412.516964
789.878471	413.529102
789.885968	414.032030
789.888170	415.829996
792.889655	414.345125
792.890652	417.348059
792.897473	414.527142
796.900072	415.928141
796.901200	418.799944
796.905962	418.038010
796.909616	418.384007
800.909578	418.422153
800.910362	421.637995
800.916938	419.061934
800.918989	421.011057
803.921825	418.175068
803.922749	421.250957
803.927520	420.479963
803.931474	420.526030
808.930995	425.005013
808.937519	422.481165
808.940223	423.777021
811.941105	422.895111
811.942218	425.781935
811.947474	424.525997
811.950460	425.540043
816.949434	426.565958
816.950559	429.441099
816.955619	428.381142
821.957601	430.399168
821.958962	433.038036
821.965487	430.512997
826.967987	432.012939
826.969485	434.514956
826.974473	433.527000
826.977256	434.743940
829.977931	434.068977
829.984013	431.987158
829.984633	435.367031
833.987202	436.798071
833.994626	437.373955
838.996996	439.004074
839.001226	438.774052
839.007626	440.373943
844.005064	442.935989
844.011296	440.703966
844.012634	443.365961
848.014080	445.919952
848.021147	442.852987
848.023489	444.511002
853.023804	444.196051
853.025007	446.992990
853.030003	445.997168
853.033237	446.763020
856.043540	440.459999
856.055883	448.117069
